This is pdfTeX, Version 3.14159265-2.6-1.40.20 (MiKTeX 2.9.7140 64-bit) (preloaded format=pdflatex 2019.8.23)  24 SEP 2020 09:12
entering extended mode
**./Namenlos-2.tex
(Namenlos-2.tex
LaTeX2e <2018-12-01>
(C:\Programme\MikeTex\tex/latex/base\article.cls
Document Class: article 2018/09/03 v1.4i Standard LaTeX document class
(C:\Programme\MikeTex\tex/latex/base\size10.clo
File: size10.clo 2018/09/03 v1.4i Standard LaTeX file (size option)
)
\c@part=\count80
\c@section=\count81
\c@subsection=\count82
\c@subsubsection=\count83
\c@paragraph=\count84
\c@subparagraph=\count85
\c@figure=\count86
\c@table=\count87
\abovecaptionskip=\skip41
\belowcaptionskip=\skip42
\bibindent=\dimen102
) (Namenlos-2.aux)
\openout1 = `Namenlos-2.aux'.

LaTeX Font Info:    Checking defaults for OML/cmm/m/it on input line 5.
LaTeX Font Info:    ... okay on input line 5.
LaTeX Font Info:    Checking defaults for T1/cmr/m/n on input line 5.
LaTeX Font Info:    ... okay on input line 5.
LaTeX Font Info:    Checking defaults for OT1/cmr/m/n on input line 5.
LaTeX Font Info:    ... okay on input line 5.
LaTeX Font Info:    Checking defaults for OMS/cmsy/m/n on input line 5.
LaTeX Font Info:    ... okay on input line 5.
LaTeX Font Info:    Checking defaults for OMX/cmex/m/n on input line 5.
LaTeX Font Info:    ... okay on input line 5.
LaTeX Font Info:    Checking defaults for U/cmr/m/n on input line 5.
LaTeX Font Info:    ... okay on input line 5.

Overfull \hbox (2.27827pt too wide) in paragraph at lines 6--7
[]\OT1/cmr/m/n/10 This doc-u-ments con-tains lit-er-a-ture that was ei-ther cit
ed in the MOD3 Lecutre
 []


Underfull \hbox (badness 10000) in paragraph at lines 8--9

 []


Underfull \hbox (badness 10000) in paragraph at lines 10--12

 []


Underfull \hbox (badness 10000) in paragraph at lines 13--14

 []


Underfull \hbox (badness 10000) in paragraph at lines 15--16

 []


Underfull \hbox (badness 10000) in paragraph at lines 17--18

 []


Underfull \hbox (badness 10000) in paragraph at lines 19--20

 []


Underfull \hbox (badness 10000) in paragraph at lines 21--22

 []


Underfull \hbox (badness 10000) in paragraph at lines 23--24

 []


Underfull \hbox (badness 10000) in paragraph at lines 25--26

 []

[1

{C:/Users/jonat/AppData/Local/MiKTeX/2.9/pdftex/config/pdftex.map}] [2]
(Namenlos-2.aux) ) 
Here is how much of TeX's memory you used:
 211 strings out of 492895
 2458 string characters out of 3136759
 63667 words of memory out of 3000000
 4211 multiletter control sequences out of 15000+200000
 4245 words of font info for 16 fonts, out of 3000000 for 9000
 1141 hyphenation exceptions out of 8191
 23i,4n,18p,404b,107s stack positions out of 5000i,500n,10000p,200000b,50000s
<C:/Programme/MikeTex/fonts/type1/public/amsfonts/cm/cmbx12.p
fb><C:/Programme/MikeTex/fonts/type1/public/amsfonts/cm/cmr10.pfb>
Output written on Namenlos-2.pdf (2 pages, 38778 bytes).
PDF statistics:
 17 PDF objects out of 1000 (max. 8388607)
 0 named destinations out of 1000 (max. 500000)
 1 words of extra memory for PDF output out of 10000 (max. 10000000)

